# JRE version: OpenJDK Runtime Environment (11.0.15) (build 11.0.15+0-b2043.56-8887301)
# Java VM: OpenJDK 64-Bit Server VM (11.0.15+0-b2043.56-8887301, mixed mode, tiered, compressed oops, g1 gc, windows-amd64)
Heap:
 garbage-first heap   total 328704K, used 129078K [0x0000000080000000, 0x0000000100000000)
  region size 1024K, 23 young (23552K), 11 survivors (11264K)
 Metaspace       used 48416K, capacity 49643K, committed 49840K, reserved 1093632K
  class space    used 6107K, capacity 6559K, committed 6656K, reserved 1048576K
GC Heap History (20 events):
Event: 15.629 GC heap before
{Heap before GC invocations=48 (full 0):
 garbage-first heap   total 273408K, used 233015K [0x0000000080000000, 0x0000000100000000)
  region size 1024K, 141 young (144384K), 7 survivors (7168K)
 Metaspace       used 47717K, capacity 48940K, committed 49200K, reserved 1091584K
  class space    used 6039K, capacity 6483K, committed 6528K, reserved 1048576K
}
Event: 15.636 GC heap after
{Heap after GC invocations=49 (full 0):
 garbage-first heap   total 328704K, used 90723K [0x0000000080000000, 0x0000000100000000)
  region size 1024K, 6 young (6144K), 6 survivors (6144K)
 Metaspace       used 47717K, capacity 48940K, committed 49200K, reserved 1091584K
  class space    used 6039K, capacity 6483K, committed 6528K, reserved 1048576K
}
Event: 16.427 GC heap before
{Heap before GC invocations=49 (full 0):
 garbage-first heap   total 328704K, used 257635K [0x0000000080000000, 0x0000000100000000)
  region size 1024K, 169 young (173056K), 6 survivors (6144K)
 Metaspace       used 47717K, capacity 48940K, committed 49200K, reserved 1091584K
  class space    used 6039K, capacity 6483K, committed 6528K, reserved 1048576K
}
Event: 16.434 GC heap after
{Heap after GC invocations=50 (full 0):
 garbage-first heap   total 328704K, used 91896K [0x0000000080000000, 0x0000000100000000)
  region size 1024K, 7 young (7168K), 7 survivors (7168K)
 Metaspace       used 47717K, capacity 48940K, committed 49200K, reserved 1091584K
  class space    used 6039K, capacity 6483K, committed 6528K, reserved 1048576K
}
Event: 17.565 GC heap before
{Heap before GC invocations=50 (full 0):
 garbage-first heap   total 328704K, used 273144K [0x0000000080000000, 0x0000000100000000)
  region size 1024K, 180 young (184320K), 7 survivors (7168K)
 Metaspace       used 47835K, capacity 49025K, committed 49200K, reserved 1091584K
  class space    used 6050K, capacity 6489K, committed 6528K, reserved 1048576K
}
Event: 17.570 GC heap after
{Heap after GC invocations=51 (full 0):
 garbage-first heap   total 328704K, used 89163K [0x0000000080000000, 0x0000000100000000)
  region size 1024K, 5 young (5120K), 5 survivors (5120K)
 Metaspace       used 47835K, capacity 49025K, committed 49200K, reserved 1091584K
  class space    used 6050K, capacity 6489K, committed 6528K, reserved 1048576K
}
Event: 17.974 GC heap before
{Heap before GC invocations=51 (full 0):
 garbage-first heap   total 328704K, used 280651K [0x0000000080000000, 0x0000000100000000)
  region size 1024K, 192 young (196608K), 5 survivors (5120K)
 Metaspace       used 47835K, capacity 49025K, committed 49200K, reserved 1091584K
  class space    used 6050K, capacity 6489K, committed 6528K, reserved 1048576K
}
Event: 17.978 GC heap after
{Heap after GC invocations=52 (full 0):
 garbage-first heap   total 328704K, used 92281K [0x0000000080000000, 0x0000000100000000)
  region size 1024K, 8 young (8192K), 8 survivors (8192K)
 Metaspace       used 47835K, capacity 49025K, committed 49200K, reserved 1091584K
  class space    used 6050K, capacity 6489K, committed 6528K, reserved 1048576K
}
Event: 18.457 GC heap before
{Heap before GC invocations=52 (full 0):
 garbage-first heap   total 328704K, used 280697K [0x0000000080000000, 0x0000000100000000)
  region size 1024K, 192 young (196608K), 8 survivors (8192K)
 Metaspace       used 47881K, capacity 49107K, committed 49200K, reserved 1091584K
  class space    used 6058K, capacity 6495K, committed 6528K, reserved 1048576K
}
Event: 18.463 GC heap after
{Heap after GC invocations=53 (full 0):
 garbage-first heap   total 328704K, used 95392K [0x0000000080000000, 0x0000000100000000)
  region size 1024K, 11 young (11264K), 11 survivors (11264K)
 Metaspace       used 47881K, capacity 49107K, committed 49200K, reserved 1091584K
  class space    used 6058K, capacity 6495K, committed 6528K, reserved 1048576K
}
Event: 18.916 GC heap before
{Heap before GC invocations=53 (full 0):
 garbage-first heap   total 328704K, used 282784K [0x0000000080000000, 0x0000000100000000)
  region size 1024K, 192 young (196608K), 11 survivors (11264K)
 Metaspace       used 47928K, capacity 49107K, committed 49200K, reserved 1091584K
  class space    used 6063K, capacity 6495K, committed 6528K, reserved 1048576K
}
Event: 18.919 GC heap after
{Heap after GC invocations=54 (full 0):
 garbage-first heap   total 328704K, used 87901K [0x0000000080000000, 0x0000000100000000)
  region size 1024K, 6 young (6144K), 6 survivors (6144K)
 Metaspace       used 47928K, capacity 49107K, committed 49200K, reserved 1091584K
  class space    used 6063K, capacity 6495K, committed 6528K, reserved 1048576K
}
Event: 19.776 GC heap before
{Heap before GC invocations=54 (full 0):
 garbage-first heap   total 328704K, used 309085K [0x0000000080000000, 0x0000000100000000)
  region size 1024K, 192 young (196608K), 6 survivors (6144K)
 Metaspace       used 48410K, capacity 49643K, committed 49840K, reserved 1093632K
  class space    used 6107K, capacity 6559K, committed 6656K, reserved 1048576K
}
Event: 19.783 GC heap after
{Heap after GC invocations=55 (full 0):
 garbage-first heap   total 328704K, used 113615K [0x0000000080000000, 0x0000000100000000)
  region size 1024K, 9 young (9216K), 9 survivors (9216K)
 Metaspace       used 48410K, capacity 49643K, committed 49840K, reserved 1093632K
  class space    used 6107K, capacity 6559K, committed 6656K, reserved 1048576K
}
Event: 20.129 GC heap before
{Heap before GC invocations=55 (full 0):
 garbage-first heap   total 328704K, used 294863K [0x0000000080000000, 0x0000000100000000)
  region size 1024K, 174 young (178176K), 9 survivors (9216K)
 Metaspace       used 48412K, capacity 49643K, committed 49840K, reserved 1093632K
  class space    used 6107K, capacity 6559K, committed 6656K, reserved 1048576K
}
Event: 20.135 GC heap after
{Heap after GC invocations=56 (full 0):
 garbage-first heap   total 328704K, used 115191K [0x0000000080000000, 0x0000000100000000)
  region size 1024K, 10 young (10240K), 10 survivors (10240K)
 Metaspace       used 48412K, capacity 49643K, committed 49840K, reserved 1093632K
  class space    used 6107K, capacity 6559K, committed 6656K, reserved 1048576K
}
Event: 20.702 GC heap before
{Heap before GC invocations=56 (full 0):
 garbage-first heap   total 328704K, used 283127K [0x0000000080000000, 0x0000000100000000)
  region size 1024K, 175 young (179200K), 10 survivors (10240K)
 Metaspace       used 48414K, capacity 49643K, committed 49840K, reserved 1093632K
  class space    used 6107K, capacity 6559K, committed 6656K, reserved 1048576K
}
Event: 20.710 GC heap after
{Heap after GC invocations=57 (full 0):
 garbage-first heap   total 328704K, used 116819K [0x0000000080000000, 0x0000000100000000)
  region size 1024K, 12 young (12288K), 12 survivors (12288K)
 Metaspace       used 48414K, capacity 49643K, committed 49840K, reserved 1093632K
  class space    used 6107K, capacity 6559K, committed 6656K, reserved 1048576K
}
Event: 21.157 GC heap before
{Heap before GC invocations=57 (full 0):
 garbage-first heap   total 328704K, used 280659K [0x0000000080000000, 0x0000000100000000)
  region size 1024K, 173 young (177152K), 12 survivors (12288K)
 Metaspace       used 48415K, capacity 49643K, committed 49840K, reserved 1093632K
  class space    used 6107K, capacity 6559K, committed 6656K, reserved 1048576K
}
Event: 21.166 GC heap after
{Heap after GC invocations=58 (full 0):
 garbage-first heap   total 328704K, used 118621K [0x0000000080000000, 0x0000000100000000)
  region size 1024K, 13 young (13312K), 13 survivors (13312K)
 Metaspace       used 48415K, capacity 49643K, committed 49840K, reserved 1093632K
  class space    used 6107K, capacity 6559K, committed 6656K, reserved 1048576K
}

